Using pre-set license
Built from '2020.3/staging' branch; Version is '2020.3.10f1 (297d780c91bc) revision 2719096'; Using compiler version '192528614'; Build Type 'Release'
OS: 'Windows 10 Home; OS build 22000.493; Version 2009; 64bit' Language: 'sv' Physical Memory: 15711 MB
BatchMode: 1, IsHumanControllingUs: 0, StartBugReporterOnCrash: 0, Is64bit: 1, IsPro: 0

 COMMAND LINE ARGUMENTS:
C:\Program Files\Unity\Hub\Editor\2020.3.10f1\Editor\Unity.exe
-adb2
-batchMode
-noUpm
-name
AssetImportWorker0
-projectPath
C:/Users/pizza/Documents/GitHub/MotstondarnaTake2/Motstondarna GruppProjekt
-logFile
Logs/AssetImportWorker0.log
-srvPort
64338
Successfully changed project path to: C:/Users/pizza/Documents/GitHub/MotstondarnaTake2/Motstondarna GruppProjekt
C:/Users/pizza/Documents/GitHub/MotstondarnaTake2/Motstondarna GruppProjekt
Using Asset Import Pipeline V2.
Refreshing native plugins compatible for Editor in 40.69 ms, found 2 plugins.
Preloading 0 native plugins for Editor in 0.00 ms.
Initialize engine version: 2020.3.10f1 (297d780c91bc)
[Subsystems] Discovering subsystems at path C:/Program Files/Unity/Hub/Editor/2020.3.10f1/Editor/Data/Resources/UnitySubsystems
[Subsystems] Discovering subsystems at path C:/Users/pizza/Documents/GitHub/MotstondarnaTake2/Motstondarna GruppProjekt/Assets
GfxDevice: creating device client; threaded=0
Direct3D:
    Version:  Direct3D 11.0 [level 11.1]
    Renderer: NVIDIA GeForce RTX 3060 Ti (ID=0x2489)
    Vendor:   
    VRAM:     8050 MB
    Driver:   30.0.14.7208
Shader 'Universal Render Pipeline/Particles/Lit': fallback shader 'Universal Render Pipeline/Particles/SimpleLit' not found
Initialize mono
Mono path[0] = 'C:/Program Files/Unity/Hub/Editor/2020.3.10f1/Editor/Data/Managed'
Mono path[1] = 'C:/Program Files/Unity/Hub/Editor/2020.3.10f1/Editor/Data/MonoBleedingEdge/lib/mono/unityjit'
Mono config path = 'C:/Program Files/Unity/Hub/Editor/2020.3.10f1/Editor/Data/MonoBleedingEdge/etc'
Using monoOptions --debugger-agent=transport=dt_socket,embedding=1,server=y,suspend=n,address=127.0.0.1:56916
Begin MonoManager ReloadAssembly
Registering precompiled unity dll's ...
Register platform support module: C:/Program Files/Unity/Hub/Editor/2020.3.10f1/Editor/Data/PlaybackEngines/WindowsStandaloneSupport/UnityEditor.WindowsStandalone.Extensions.dll
Registered in 0.001848 seconds.
Native extension for WindowsStandalone target not found
Refreshing native plugins compatible for Editor in 42.13 ms, found 2 plugins.
Preloading 0 native plugins for Editor in 0.00 ms.
Mono: successfully reloaded assembly
- Completed reload, in  0.822 seconds
Platform modules already initialized, skipping
Registering precompiled user dll's ...
Registered in 0.004507 seconds.
Begin MonoManager ReloadAssembly
Native extension for WindowsStandalone target not found
Refreshing native plugins compatible for Editor in 44.47 ms, found 2 plugins.
Preloading 0 native plugins for Editor in 0.00 ms.
Mono: successfully reloaded assembly
- Completed reload, in  0.831 seconds
Platform modules already initialized, skipping
========================================================================
Worker process is ready to serve import requests
Shader 'Universal Render Pipeline/Particles/Lit': fallback shader 'Universal Render Pipeline/Particles/SimpleLit' not found
Launched and connected shader compiler UnityShaderCompiler.exe after 0.02 seconds
Refreshing native plugins compatible for Editor in 0.62 ms, found 2 plugins.
Preloading 0 native plugins for Editor in 0.00 ms.
Unloading 3111 Unused Serialized files (Serialized files now loaded: 0)
System memory in use before: 152.5 MB.
System memory in use after: 152.7 MB.

Unloading 19 unused Assets to reduce memory usage. Loaded Objects now: 3557.
Total: 2.533700 ms (FindLiveObjects: 0.281400 ms CreateObjectMapping: 0.080100 ms MarkObjects: 2.088300 ms  DeleteObjects: 0.083100 ms)

========================================================================
Received Import Request.
  path: Assets/Audio/Resources/Bonus Bana.mp3
  artifactKey: Guid(d74bb0a2d50bc3342a2489954766f803) Importer(815301076,1909f56bfc062723c751e8b465ee728b)
Start importing Assets/Audio/Resources/Bonus Bana.mp3 using Guid(d74bb0a2d50bc3342a2489954766f803) Importer(815301076,1909f56bfc062723c751e8b465ee728b)  -> (artifact id: 'c38c36bd5bc1751cc61db2c7bf219156') in 0.060171 seconds
  Import took 0.064914 seconds .

========================================================================
Received Import Request.
  Time since last request: 95.076386 seconds.
  path: Assets/Audio/Musik/BonusBana.ogg
  artifactKey: Guid(5746587d1b8a0314492a7a263c6eb7f4) Importer(815301076,1909f56bfc062723c751e8b465ee728b)
Start importing Assets/Audio/Musik/BonusBana.ogg using Guid(5746587d1b8a0314492a7a263c6eb7f4) Importer(815301076,1909f56bfc062723c751e8b465ee728b)  -> (artifact id: '85b43a62ac32bc3317725bde4ed4fb0d') in 0.011031 seconds
  Import took 0.015323 seconds .

========================================================================
Received Prepare
Registering precompiled user dll's ...
Registered in 0.004273 seconds.
Begin MonoManager ReloadAssembly
Native extension for WindowsStandalone target not found
Refreshing native plugins compatible for Editor in 0.59 ms, found 2 plugins.
Preloading 0 native plugins for Editor in 0.00 ms.
Mono: successfully reloaded assembly
- Completed reload, in  0.760 seconds
Platform modules already initialized, skipping
Shader 'Universal Render Pipeline/Particles/Lit': fallback shader 'Universal Render Pipeline/Particles/SimpleLit' not found
Refreshing native plugins compatible for Editor in 0.59 ms, found 2 plugins.
Preloading 0 native plugins for Editor in 0.00 ms.
Unloading 2958 Unused Serialized files (Serialized files now loaded: 0)
System memory in use before: 144.1 MB.
System memory in use after: 144.3 MB.

Unloading 14 unused Assets to reduce memory usage. Loaded Objects now: 3569.
Total: 2.450800 ms (FindLiveObjects: 0.307200 ms CreateObjectMapping: 0.074100 ms MarkObjects: 2.051700 ms  DeleteObjects: 0.017000 ms)

========================================================================
Received Import Request.
  Time since last request: 55.969755 seconds.
  path: Assets/Prefabs/Golv.prefab
  artifactKey: Guid(ff9237179ab7f154e90994b1bd14d293) Importer(815301076,1909f56bfc062723c751e8b465ee728b)
Start importing Assets/Prefabs/Golv.prefab using Guid(ff9237179ab7f154e90994b1bd14d293) Importer(815301076,1909f56bfc062723c751e8b465ee728b)  -> (artifact id: 'eecdfe33f0cb9f28e24d9459109019dc') in 0.182986 seconds
  Import took 0.187876 seconds .

========================================================================
Received Import Request.
  Time since last request: 0.000136 seconds.
  path: Assets/Prefabs/Halt golv.prefab
  artifactKey: Guid(af499deed8ec8a44a833080d2077cfb8) Importer(815301076,1909f56bfc062723c751e8b465ee728b)
Start importing Assets/Prefabs/Halt golv.prefab using Guid(af499deed8ec8a44a833080d2077cfb8) Importer(815301076,1909f56bfc062723c751e8b465ee728b)  -> (artifact id: '2b386a3f3c4174cce103d5489300615f') in 0.013793 seconds
  Import took 0.018416 seconds .

========================================================================
Received Import Request.
  Time since last request: 22.382217 seconds.
  path: Assets/Prefabs/PauseManager.prefab
  artifactKey: Guid(3392467f112889749bf4825799b5ad32) Importer(815301076,1909f56bfc062723c751e8b465ee728b)
Start importing Assets/Prefabs/PauseManager.prefab using Guid(3392467f112889749bf4825799b5ad32) Importer(815301076,1909f56bfc062723c751e8b465ee728b)  -> (artifact id: 'bee445bda76aa6fd521d9c9560ab7c8b') in 0.016125 seconds
  Import took 0.020733 seconds .

========================================================================
Received Import Request.
  Time since last request: 24.848677 seconds.
  path: Assets/Prefabs/PauseManager.prefab
  artifactKey: Guid(3392467f112889749bf4825799b5ad32) Importer(815301076,1909f56bfc062723c751e8b465ee728b)
Start importing Assets/Prefabs/PauseManager.prefab using Guid(3392467f112889749bf4825799b5ad32) Importer(815301076,1909f56bfc062723c751e8b465ee728b)  -> (artifact id: '57b450ff4534e7be666533a2f88de6a6') in 0.004184 seconds
  Import took 0.008524 seconds .

========================================================================
Received Prepare
Registering precompiled user dll's ...
Registered in 0.004930 seconds.
Begin MonoManager ReloadAssembly
Native extension for WindowsStandalone target not found
Refreshing native plugins compatible for Editor in 0.58 ms, found 2 plugins.
Preloading 0 native plugins for Editor in 0.00 ms.
Mono: successfully reloaded assembly
- Completed reload, in  0.793 seconds
Platform modules already initialized, skipping
Shader 'Universal Render Pipeline/Particles/Lit': fallback shader 'Universal Render Pipeline/Particles/SimpleLit' not found
Refreshing native plugins compatible for Editor in 0.59 ms, found 2 plugins.
Preloading 0 native plugins for Editor in 0.00 ms.
Unloading 2958 Unused Serialized files (Serialized files now loaded: 0)
System memory in use before: 146.5 MB.
System memory in use after: 146.7 MB.

Unloading 16 unused Assets to reduce memory usage. Loaded Objects now: 3614.
Total: 2.518900 ms (FindLiveObjects: 0.306000 ms CreateObjectMapping: 0.150900 ms MarkObjects: 2.040000 ms  DeleteObjects: 0.021200 ms)

========================================================================
Received Import Request.
  Time since last request: 117.766788 seconds.
  path: Assets/Scenes/AAA Banor/Bana 5.unity
  artifactKey: Guid(9e3e962e9a788da46a3b2e808c8abfae) Importer(815301076,1909f56bfc062723c751e8b465ee728b)
Start importing Assets/Scenes/AAA Banor/Bana 5.unity using Guid(9e3e962e9a788da46a3b2e808c8abfae) Importer(815301076,1909f56bfc062723c751e8b465ee728b)  -> (artifact id: '4d242f04e2cd73fb142ad027247a70fd') in 0.030493 seconds
  Import took 0.035694 seconds .

========================================================================
Received Import Request.
  Time since last request: 4.960145 seconds.
  path: Assets/Scenes/AAA Banor/Bana 3.unity
  artifactKey: Guid(6cc23de361c885941bf73ae8567aa995) Importer(815301076,1909f56bfc062723c751e8b465ee728b)
Start importing Assets/Scenes/AAA Banor/Bana 3.unity using Guid(6cc23de361c885941bf73ae8567aa995) Importer(815301076,1909f56bfc062723c751e8b465ee728b)  -> (artifact id: 'bec48d3790cc574aad819c52257bc2ec') in 0.002315 seconds
  Import took 0.006527 seconds .

========================================================================
Received Prepare
Registering precompiled user dll's ...
Registered in 0.004604 seconds.
Begin MonoManager ReloadAssembly
Native extension for WindowsStandalone target not found
Refreshing native plugins compatible for Editor in 0.60 ms, found 2 plugins.
Preloading 0 native plugins for Editor in 0.00 ms.
Mono: successfully reloaded assembly
- Completed reload, in  0.799 seconds
Platform modules already initialized, skipping
Shader 'Universal Render Pipeline/Particles/Lit': fallback shader 'Universal Render Pipeline/Particles/SimpleLit' not found
Refreshing native plugins compatible for Editor in 0.59 ms, found 2 plugins.
Preloading 0 native plugins for Editor in 0.00 ms.
Unloading 2958 Unused Serialized files (Serialized files now loaded: 0)
System memory in use before: 146.5 MB.
System memory in use after: 146.8 MB.

Unloading 14 unused Assets to reduce memory usage. Loaded Objects now: 3617.
Total: 2.600600 ms (FindLiveObjects: 0.324600 ms CreateObjectMapping: 0.155000 ms MarkObjects: 2.104000 ms  DeleteObjects: 0.016000 ms)

========================================================================
Received Prepare
Registering precompiled user dll's ...
Registered in 0.004230 seconds.
Begin MonoManager ReloadAssembly
Native extension for WindowsStandalone target not found
Refreshing native plugins compatible for Editor in 0.60 ms, found 2 plugins.
Preloading 0 native plugins for Editor in 0.00 ms.
Mono: successfully reloaded assembly
- Completed reload, in  0.773 seconds
Platform modules already initialized, skipping
Shader 'Universal Render Pipeline/Particles/Lit': fallback shader 'Universal Render Pipeline/Particles/SimpleLit' not found
Refreshing native plugins compatible for Editor in 0.61 ms, found 2 plugins.
Preloading 0 native plugins for Editor in 0.00 ms.
Unloading 2958 Unused Serialized files (Serialized files now loaded: 0)
System memory in use before: 146.5 MB.
System memory in use after: 146.8 MB.

Unloading 14 unused Assets to reduce memory usage. Loaded Objects now: 3620.
Total: 2.893900 ms (FindLiveObjects: 0.315500 ms CreateObjectMapping: 0.326700 ms MarkObjects: 2.232900 ms  DeleteObjects: 0.017800 ms)

========================================================================
Received Import Request.
  Time since last request: 228.906414 seconds.
  path: Assets/Material/TrailMaterial.mat
  artifactKey: Guid(fa766e252ac66c842b21ebaead1ed4c8) Importer(815301076,1909f56bfc062723c751e8b465ee728b)
Start importing Assets/Material/TrailMaterial.mat using Guid(fa766e252ac66c842b21ebaead1ed4c8) Importer(815301076,1909f56bfc062723c751e8b465ee728b)  -> (artifact id: '2f8305b5aa454dceb92c0d41fa0477b9') in 0.166741 seconds
  Import took 0.171840 seconds .

========================================================================
Received Prepare
Registering precompiled user dll's ...
Registered in 0.004634 seconds.
Begin MonoManager ReloadAssembly
Native extension for WindowsStandalone target not found
Refreshing native plugins compatible for Editor in 0.61 ms, found 2 plugins.
Preloading 0 native plugins for Editor in 0.00 ms.
Mono: successfully reloaded assembly
- Completed reload, in  0.763 seconds
Platform modules already initialized, skipping
Shader 'Universal Render Pipeline/Particles/Lit': fallback shader 'Universal Render Pipeline/Particles/SimpleLit' not found
Refreshing native plugins compatible for Editor in 0.64 ms, found 2 plugins.
Preloading 0 native plugins for Editor in 0.00 ms.
Unloading 2958 Unused Serialized files (Serialized files now loaded: 0)
System memory in use before: 146.9 MB.
System memory in use after: 147.2 MB.

Unloading 14 unused Assets to reduce memory usage. Loaded Objects now: 3692.
Total: 2.582000 ms (FindLiveObjects: 0.289700 ms CreateObjectMapping: 0.142000 ms MarkObjects: 2.135300 ms  DeleteObjects: 0.014300 ms)

========================================================================
Received Import Request.
  Time since last request: 15.499018 seconds.
  path: Assets/Scenes/LevelHub.unity
  artifactKey: Guid(b1904434c899bb345996bceb104095e2) Importer(815301076,1909f56bfc062723c751e8b465ee728b)
Start importing Assets/Scenes/LevelHub.unity using Guid(b1904434c899bb345996bceb104095e2) Importer(815301076,1909f56bfc062723c751e8b465ee728b)  -> (artifact id: '96bec4c7b296949d8f5b4ea81e7eb874') in 0.032090 seconds
  Import took 0.036500 seconds .

========================================================================
Received Import Request.
  Time since last request: 160.272045 seconds.
  path: Assets/Prefabs/BowlingBall.prefab
  artifactKey: Guid(38e692ee287ba1147b43096b0bd76980) Importer(815301076,1909f56bfc062723c751e8b465ee728b)
Start importing Assets/Prefabs/BowlingBall.prefab using Guid(38e692ee287ba1147b43096b0bd76980) Importer(815301076,1909f56bfc062723c751e8b465ee728b)  -> (artifact id: '51d1ae371cf4149954540b4bff120140') in 0.158452 seconds
  Import took 0.163479 seconds .

========================================================================
Received Prepare
Registering precompiled user dll's ...
Registered in 0.004334 seconds.
Begin MonoManager ReloadAssembly
Native extension for WindowsStandalone target not found
Refreshing native plugins compatible for Editor in 0.65 ms, found 2 plugins.
Preloading 0 native plugins for Editor in 0.00 ms.
Mono: successfully reloaded assembly
- Completed reload, in  0.818 seconds
Platform modules already initialized, skipping
Shader 'Universal Render Pipeline/Particles/Lit': fallback shader 'Universal Render Pipeline/Particles/SimpleLit' not found
Refreshing native plugins compatible for Editor in 0.71 ms, found 2 plugins.
Preloading 0 native plugins for Editor in 0.00 ms.
Unloading 2958 Unused Serialized files (Serialized files now loaded: 0)
System memory in use before: 147.1 MB.
System memory in use after: 147.4 MB.

Unloading 15 unused Assets to reduce memory usage. Loaded Objects now: 3732.
Total: 2.794900 ms (FindLiveObjects: 0.335800 ms CreateObjectMapping: 0.097700 ms MarkObjects: 2.339600 ms  DeleteObjects: 0.020800 ms)

========================================================================
Received Import Request.
  Time since last request: 32.568315 seconds.
  path: Assets/Material 1/black.mat
  artifactKey: Guid(62645c2b1d91cbb46a5ffdfe20c33b7b) Importer(815301076,1909f56bfc062723c751e8b465ee728b)
Start importing Assets/Material 1/black.mat using Guid(62645c2b1d91cbb46a5ffdfe20c33b7b) Importer(815301076,1909f56bfc062723c751e8b465ee728b)  -> (artifact id: 'c285b0eaade242d88cf9c65b49988f06') in 0.140069 seconds
  Import took 0.144971 seconds .

========================================================================
Received Import Request.
  Time since last request: 0.000129 seconds.
  path: Assets/Material 1/TrailMaterial.mat
  artifactKey: Guid(a43c5f0571d2c6c4e9af3b5bd2eac2c9) Importer(815301076,1909f56bfc062723c751e8b465ee728b)
Start importing Assets/Material 1/TrailMaterial.mat using Guid(a43c5f0571d2c6c4e9af3b5bd2eac2c9) Importer(815301076,1909f56bfc062723c751e8b465ee728b)  -> (artifact id: 'f248c716e7789fa25367535199002313') in 0.007479 seconds
  Import took 0.011147 seconds .

========================================================================
Received Import Request.
  Time since last request: 0.000151 seconds.
  path: Assets/Material 1/Raket.mat
  artifactKey: Guid(608ef02399644094ab08f246ef64db73) Importer(815301076,1909f56bfc062723c751e8b465ee728b)
Start importing Assets/Material 1/Raket.mat using Guid(608ef02399644094ab08f246ef64db73) Importer(815301076,1909f56bfc062723c751e8b465ee728b)  -> (artifact id: '0f9fd92c3166f232a5b15d67caad43d9') in 0.014644 seconds
  Import took 0.019300 seconds .

========================================================================
Received Import Request.
  Time since last request: 0.000120 seconds.
  path: Assets/Material 1/Princessmaterial.mat
  artifactKey: Guid(b8b133046c39f03449f256b8100cdc48) Importer(815301076,1909f56bfc062723c751e8b465ee728b)
Start importing Assets/Material 1/Princessmaterial.mat using Guid(b8b133046c39f03449f256b8100cdc48) Importer(815301076,1909f56bfc062723c751e8b465ee728b)  -> (artifact id: 'a9e4dfaef5258320166de17577b65cba') in 0.007500 seconds
  Import took 0.011578 seconds .

========================================================================
Received Import Request.
  Time since last request: 0.000128 seconds.
  path: Assets/Material 1/KäglaRaketMaterial 1.mat
  artifactKey: Guid(cb6479294f32efd4dbc2053400629391) Importer(815301076,1909f56bfc062723c751e8b465ee728b)
Start importing Assets/Material 1/KäglaRaketMaterial 1.mat using Guid(cb6479294f32efd4dbc2053400629391) Importer(815301076,1909f56bfc062723c751e8b465ee728b)  -> (artifact id: 'e093edc05bef69e6206550bde787f7e3') in 0.012998 seconds
  Import took 0.017222 seconds .

========================================================================
Received Import Request.
  Time since last request: 0.000138 seconds.
  path: Assets/Material 1/TransparentMat.mat
  artifactKey: Guid(7203ef59514361d47a17d13aa9fa149a) Importer(815301076,1909f56bfc062723c751e8b465ee728b)
Start importing Assets/Material 1/TransparentMat.mat using Guid(7203ef59514361d47a17d13aa9fa149a) Importer(815301076,1909f56bfc062723c751e8b465ee728b)  -> (artifact id: '552ab00c9b41ff80a1d92fb2564fda4c') in 0.009846 seconds
  Import took 0.014788 seconds .

========================================================================
Received Import Request.
  Time since last request: 0.000138 seconds.
  path: Assets/Material 1/White.mat
  artifactKey: Guid(9cddf5e72b865a0439e2c890a645909b) Importer(815301076,1909f56bfc062723c751e8b465ee728b)
Start importing Assets/Material 1/White.mat using Guid(9cddf5e72b865a0439e2c890a645909b) Importer(815301076,1909f56bfc062723c751e8b465ee728b)  -> (artifact id: 'e51653713b5e216dadc81d793e5f2205') in 0.007622 seconds
  Import took 0.011753 seconds .

========================================================================
Received Import Request.
  Time since last request: 0.000134 seconds.
  path: Assets/Material 1/KäglaLaserMaterial.mat
  artifactKey: Guid(6b634234687b3a4429f1d09e81265086) Importer(815301076,1909f56bfc062723c751e8b465ee728b)
Start importing Assets/Material 1/KäglaLaserMaterial.mat using Guid(6b634234687b3a4429f1d09e81265086) Importer(815301076,1909f56bfc062723c751e8b465ee728b)  -> (artifact id: '701419d6580b213bb3f73e0f7d4ec9cd') in 0.010862 seconds
  Import took 0.014842 seconds .

========================================================================
Received Import Request.
  Time since last request: 0.000173 seconds.
  path: Assets/Material 1/TransparentRed.mat
  artifactKey: Guid(4699b7e6085d89c4d879766763332740) Importer(815301076,1909f56bfc062723c751e8b465ee728b)
Start importing Assets/Material 1/TransparentRed.mat using Guid(4699b7e6085d89c4d879766763332740) Importer(815301076,1909f56bfc062723c751e8b465ee728b)  -> (artifact id: '6527364ad181dbcfa292c4e1a25c9a92') in 0.011601 seconds
  Import took 0.016165 seconds .

========================================================================
Received Import Request.
  Time since last request: 0.000122 seconds.
  path: Assets/Material 1/FlagMaterial.mat
  artifactKey: Guid(a20bea3033a795242a6618532d093cc6) Importer(815301076,1909f56bfc062723c751e8b465ee728b)
Start importing Assets/Material 1/FlagMaterial.mat using Guid(a20bea3033a795242a6618532d093cc6) Importer(815301076,1909f56bfc062723c751e8b465ee728b)  -> (artifact id: '6b274dae924702d9e6d52d69dfd8a167') in 0.007799 seconds
  Import took 0.011623 seconds .

========================================================================
Received Import Request.
  Time since last request: 0.000141 seconds.
  path: Assets/Material 1/Fog 1.mat
  artifactKey: Guid(de5d4c699fa257f40a92a9996ecdaa7f) Importer(815301076,1909f56bfc062723c751e8b465ee728b)
Start importing Assets/Material 1/Fog 1.mat using Guid(de5d4c699fa257f40a92a9996ecdaa7f) Importer(815301076,1909f56bfc062723c751e8b465ee728b)  -> (artifact id: 'e1826b7b1abff0268a65862249adfd07') in 0.012327 seconds
  Import took 0.016718 seconds .

========================================================================
Received Import Request.
  Time since last request: 0.000120 seconds.
  path: Assets/Material 1/blue.mat
  artifactKey: Guid(c8199d4a2314bbe40abf045a63ada299) Importer(815301076,1909f56bfc062723c751e8b465ee728b)
Start importing Assets/Material 1/blue.mat using Guid(c8199d4a2314bbe40abf045a63ada299) Importer(815301076,1909f56bfc062723c751e8b465ee728b)  -> (artifact id: '9cbc00cb71f1182677db46a571a63376') in 0.007351 seconds
  Import took 0.011423 seconds .

========================================================================
Received Import Request.
  Time since last request: 0.000129 seconds.
  path: Assets/Material 1/KlotMaterial.mat
  artifactKey: Guid(78091a79da9b8e44489a5f1d85c6951f) Importer(815301076,1909f56bfc062723c751e8b465ee728b)
Start importing Assets/Material 1/KlotMaterial.mat using Guid(78091a79da9b8e44489a5f1d85c6951f) Importer(815301076,1909f56bfc062723c751e8b465ee728b)  -> (artifact id: 'f95b3800d66ca6ee2d24e095e6e5b616') in 0.010216 seconds
  Import took 0.014327 seconds .

========================================================================
Received Import Request.
  Time since last request: 0.000137 seconds.
  path: Assets/Material 1/Material.003.mat
  artifactKey: Guid(1fa9f49c07a515349aca26f435f374d0) Importer(815301076,1909f56bfc062723c751e8b465ee728b)
Start importing Assets/Material 1/Material.003.mat using Guid(1fa9f49c07a515349aca26f435f374d0) Importer(815301076,1909f56bfc062723c751e8b465ee728b)  -> (artifact id: '5b2fb42726a7584048a804c0bafa9317') in 0.008240 seconds
  Import took 0.013027 seconds .

========================================================================
Received Import Request.
  Time since last request: 0.000132 seconds.
  path: Assets/Material 1/Ränna 1.mat
  artifactKey: Guid(3f83ec90720162b46a35fea4a9b4a160) Importer(815301076,1909f56bfc062723c751e8b465ee728b)
Start importing Assets/Material 1/Ränna 1.mat using Guid(3f83ec90720162b46a35fea4a9b4a160) Importer(815301076,1909f56bfc062723c751e8b465ee728b)  -> (artifact id: '8da9f2292f0885c2fa3a8387c76860f9') in 0.011516 seconds
  Import took 0.015518 seconds .

========================================================================
Received Import Request.
  Time since last request: 0.000119 seconds.
  path: Assets/Material 1/fog.mat
  artifactKey: Guid(e7ecbd62052988048834d761841fc670) Importer(815301076,1909f56bfc062723c751e8b465ee728b)
Start importing Assets/Material 1/fog.mat using Guid(e7ecbd62052988048834d761841fc670) Importer(815301076,1909f56bfc062723c751e8b465ee728b)  -> (artifact id: 'c8a465107185dac7c147a6c353141342') in 0.012600 seconds
  Import took 0.016670 seconds .

========================================================================
Received Import Request.
  Time since last request: 0.000158 seconds.
  path: Assets/Material 1/smoooth.mat
  artifactKey: Guid(709dcbcf652e01940a7894e932c0b0ff) Importer(815301076,1909f56bfc062723c751e8b465ee728b)
Start importing Assets/Material 1/smoooth.mat using Guid(709dcbcf652e01940a7894e932c0b0ff) Importer(815301076,1909f56bfc062723c751e8b465ee728b)  -> (artifact id: '02c018c42ebb91615890809e5cd4ff27') in 0.007636 seconds
  Import took 0.011710 seconds .

========================================================================
Received Import Request.
  Time since last request: 0.000129 seconds.
  path: Assets/Material 1/testmat.mat
  artifactKey: Guid(8a92c23632f91314f8cb473df3f85715) Importer(815301076,1909f56bfc062723c751e8b465ee728b)
Start importing Assets/Material 1/testmat.mat using Guid(8a92c23632f91314f8cb473df3f85715) Importer(815301076,1909f56bfc062723c751e8b465ee728b)  -> (artifact id: 'd485214d14e4e0eee9dba428a442796e') in 0.007397 seconds
  Import took 0.011706 seconds .

========================================================================
Received Import Request.
  Time since last request: 0.000144 seconds.
  path: Assets/Material 1/TempCheckpoint.mat
  artifactKey: Guid(4524d299d55721b4c9eca2ee6dae63c9) Importer(815301076,1909f56bfc062723c751e8b465ee728b)
Start importing Assets/Material 1/TempCheckpoint.mat using Guid(4524d299d55721b4c9eca2ee6dae63c9) Importer(815301076,1909f56bfc062723c751e8b465ee728b)  -> (artifact id: '1c7c88a60c141e1dcd92068e309c8a52') in 0.007312 seconds
  Import took 0.011422 seconds .

========================================================================
Received Import Request.
  Time since last request: 0.000127 seconds.
  path: Assets/Material 1/Metal.mat
  artifactKey: Guid(eba4660646842c949950deff07795eb8) Importer(815301076,1909f56bfc062723c751e8b465ee728b)
Start importing Assets/Material 1/Metal.mat using Guid(eba4660646842c949950deff07795eb8) Importer(815301076,1909f56bfc062723c751e8b465ee728b)  -> (artifact id: '397946a3693517da7abdb3a7ef8efcd4') in 0.009063 seconds
  Import took 0.013003 seconds .

========================================================================
Received Import Request.
  Time since last request: 0.000133 seconds.
  path: Assets/Material 1/flagmaterial2.mat
  artifactKey: Guid(79778953f1f964c4cbc9b56fe911ef88) Importer(815301076,1909f56bfc062723c751e8b465ee728b)
Start importing Assets/Material 1/flagmaterial2.mat using Guid(79778953f1f964c4cbc9b56fe911ef88) Importer(815301076,1909f56bfc062723c751e8b465ee728b)  -> (artifact id: '81e812c0950a949edf28a2f2d20e7fdf') in 0.013343 seconds
  Import took 0.017631 seconds .

========================================================================
Received Import Request.
  Time since last request: 0.000138 seconds.
  path: Assets/Material 1/Light.mat
  artifactKey: Guid(60a9059241073b449be41f289cef8bdd) Importer(815301076,1909f56bfc062723c751e8b465ee728b)
Start importing Assets/Material 1/Light.mat using Guid(60a9059241073b449be41f289cef8bdd) Importer(815301076,1909f56bfc062723c751e8b465ee728b)  -> (artifact id: 'd719516bf9276b6251471b9d5129f04a') in 0.011521 seconds
  Import took 0.015409 seconds .

========================================================================
Received Import Request.
  Time since last request: 0.000181 seconds.
  path: Assets/Material 1/KäglaLaserMaterial Guld.mat
  artifactKey: Guid(60eb2a972d9fd0d42a7ddd2ac54af56f) Importer(815301076,1909f56bfc062723c751e8b465ee728b)
Start importing Assets/Material 1/KäglaLaserMaterial Guld.mat using Guid(60eb2a972d9fd0d42a7ddd2ac54af56f) Importer(815301076,1909f56bfc062723c751e8b465ee728b)  -> (artifact id: '7c700e5ddf8561b6ffe9354918f8ace8') in 0.013133 seconds
  Import took 0.017269 seconds .

========================================================================
Received Import Request.
  Time since last request: 0.000140 seconds.
  path: Assets/Material 1/Red.mat
  artifactKey: Guid(48bee1937a933b141bc76296a897f1ad) Importer(815301076,1909f56bfc062723c751e8b465ee728b)
Start importing Assets/Material 1/Red.mat using Guid(48bee1937a933b141bc76296a897f1ad) Importer(815301076,1909f56bfc062723c751e8b465ee728b)  -> (artifact id: 'cd87837ab2d0f78afa46b23d0b4e3400') in 0.013480 seconds
  Import took 0.017496 seconds .

========================================================================
Received Import Request.
  Time since last request: 0.000139 seconds.
  path: Assets/Material 1/Yellow.mat
  artifactKey: Guid(d527de1e69f46444cbba81c8940cc36b) Importer(815301076,1909f56bfc062723c751e8b465ee728b)
Start importing Assets/Material 1/Yellow.mat using Guid(d527de1e69f46444cbba81c8940cc36b) Importer(815301076,1909f56bfc062723c751e8b465ee728b)  -> (artifact id: '8f6c37cfbaf5b64fc7701d45a35c7a57') in 0.011159 seconds
  Import took 0.015072 seconds .

========================================================================
Received Import Request.
  Time since last request: 0.000113 seconds.
  path: Assets/Material 1/UnlitDarkMat.mat
  artifactKey: Guid(dc9b81ccd43a72b4a9be048c45994e7b) Importer(815301076,1909f56bfc062723c751e8b465ee728b)
Start importing Assets/Material 1/UnlitDarkMat.mat using Guid(dc9b81ccd43a72b4a9be048c45994e7b) Importer(815301076,1909f56bfc062723c751e8b465ee728b)  -> (artifact id: 'f89cd8cf48d9d953bf822bc4db597fb3') in 0.007944 seconds
  Import took 0.011917 seconds .

========================================================================
Received Import Request.
  Time since last request: 0.000130 seconds.
  path: Assets/Material 1/Ränna.mat
  artifactKey: Guid(5236f06d90cfc5f4aa386f75b81e24ac) Importer(815301076,1909f56bfc062723c751e8b465ee728b)
Start importing Assets/Material 1/Ränna.mat using Guid(5236f06d90cfc5f4aa386f75b81e24ac) Importer(815301076,1909f56bfc062723c751e8b465ee728b)  -> (artifact id: '552bb921b8ca0b601cbc2d1f16df60d1') in 0.009552 seconds
  Import took 0.013763 seconds .

========================================================================
Received Import Request.
  Time since last request: 0.000121 seconds.
  path: Assets/Material 1/flag.mat
  artifactKey: Guid(c04b95f5bcb7a3b4a8f0e23be936d50b) Importer(815301076,1909f56bfc062723c751e8b465ee728b)
Start importing Assets/Material 1/flag.mat using Guid(c04b95f5bcb7a3b4a8f0e23be936d50b) Importer(815301076,1909f56bfc062723c751e8b465ee728b)  -> (artifact id: 'cb7523c4283f65c554b42fb33bf35f0a') in 0.007985 seconds
  Import took 0.011978 seconds .

========================================================================
Received Import Request.
  Time since last request: 0.000142 seconds.
  path: Assets/Material 1/JumpMetall.mat
  artifactKey: Guid(af52c2bea60881c4385e46d8270bbbb3) Importer(815301076,1909f56bfc062723c751e8b465ee728b)
Start importing Assets/Material 1/JumpMetall.mat using Guid(af52c2bea60881c4385e46d8270bbbb3) Importer(815301076,1909f56bfc062723c751e8b465ee728b)  -> (artifact id: '502629830959258832e51d7f6180021e') in 0.007020 seconds
  Import took 0.011527 seconds .

========================================================================
Received Import Request.
  Time since last request: 0.000243 seconds.
  path: Assets/Material 1/Material.004.mat
  artifactKey: Guid(e021a2ef1d794a84da3a73e72842413f) Importer(815301076,1909f56bfc062723c751e8b465ee728b)
Start importing Assets/Material 1/Material.004.mat using Guid(e021a2ef1d794a84da3a73e72842413f) Importer(815301076,1909f56bfc062723c751e8b465ee728b)  -> (artifact id: '0e7512c5834036a0196cf9f3b4f3f2c8') in 0.007473 seconds
  Import took 0.012008 seconds .

========================================================================
Received Import Request.
  Time since last request: 0.000127 seconds.
  path: Assets/Material 1/DarkBlue.mat
  artifactKey: Guid(a62c1c23da349d246bf4322460fc4dd4) Importer(815301076,1909f56bfc062723c751e8b465ee728b)
Start importing Assets/Material 1/DarkBlue.mat using Guid(a62c1c23da349d246bf4322460fc4dd4) Importer(815301076,1909f56bfc062723c751e8b465ee728b)  -> (artifact id: 'ea7390fc3db675342d1ae83ea88d2c1f') in 0.008526 seconds
  Import took 0.012375 seconds .

========================================================================
Received Import Request.
  Time since last request: 0.000148 seconds.
  path: Assets/Material 1/New Material.mat
  artifactKey: Guid(703b3e12e2220eb42b6a3af525859c8a) Importer(815301076,1909f56bfc062723c751e8b465ee728b)
Start importing Assets/Material 1/New Material.mat using Guid(703b3e12e2220eb42b6a3af525859c8a) Importer(815301076,1909f56bfc062723c751e8b465ee728b)  -> (artifact id: '220aef442408caaba7e7544d4b7f3d43') in 0.007953 seconds
  Import took 0.012279 seconds .

========================================================================
Received Import Request.
  Time since last request: 0.000128 seconds.
  path: Assets/Material 1/Grejjjjj.mat
  artifactKey: Guid(5499fccd58a1b5947aaec9d46afcb98b) Importer(815301076,1909f56bfc062723c751e8b465ee728b)
Start importing Assets/Material 1/Grejjjjj.mat using Guid(5499fccd58a1b5947aaec9d46afcb98b) Importer(815301076,1909f56bfc062723c751e8b465ee728b)  -> (artifact id: '6bd07908c5bf7719f7b4a6568e564988') in 0.007884 seconds
  Import took 0.012340 seconds .

========================================================================
Received Import Request.
  Time since last request: 0.000126 seconds.
  path: Assets/Material 1/Green.mat
  artifactKey: Guid(f997fc1ed529a54408ac90ca35ea6382) Importer(815301076,1909f56bfc062723c751e8b465ee728b)
Start importing Assets/Material 1/Green.mat using Guid(f997fc1ed529a54408ac90ca35ea6382) Importer(815301076,1909f56bfc062723c751e8b465ee728b)  -> (artifact id: '4a22cfeb06134456341ecb13eb6b2450') in 0.007094 seconds
  Import took 0.011184 seconds .

========================================================================
Received Import Request.
  Time since last request: 0.000168 seconds.
  path: Assets/Material 1/ramp.blend
  artifactKey: Guid(638c09dc2d6ea334a9223f6a30c5907f) Importer(815301076,1909f56bfc062723c751e8b465ee728b)
Start importing Assets/Material 1/ramp.blend using Guid(638c09dc2d6ea334a9223f6a30c5907f) Importer(815301076,1909f56bfc062723c751e8b465ee728b)  -> (artifact id: '67f6a1a5e080f329edf26973807973c7') in 0.043667 seconds
  Import took 0.048002 seconds .

========================================================================
Received Import Request.
  Time since last request: 21.944904 seconds.
  path: Assets/Material 1/Laser.mat
  artifactKey: Guid(c0d78ff35c3823f4bb8290c1c2dbc046) Importer(815301076,1909f56bfc062723c751e8b465ee728b)
Start importing Assets/Material 1/Laser.mat using Guid(c0d78ff35c3823f4bb8290c1c2dbc046) Importer(815301076,1909f56bfc062723c751e8b465ee728b)  -> (artifact id: '023216372561f35937f878eaf004e322') in 0.008920 seconds
  Import took 0.013300 seconds .

========================================================================
Received Import Request.
  Time since last request: 24.540311 seconds.
  path: Assets/Material 1/Laser.mat
  artifactKey: Guid(c0d78ff35c3823f4bb8290c1c2dbc046) Importer(815301076,1909f56bfc062723c751e8b465ee728b)
Start importing Assets/Material 1/Laser.mat using Guid(c0d78ff35c3823f4bb8290c1c2dbc046) Importer(815301076,1909f56bfc062723c751e8b465ee728b)  -> (artifact id: 'fb359296bf3d204709277c12b9f5e7e4') in 0.008125 seconds
  Import took 0.012719 seconds .

========================================================================
Received Import Request.
  Time since last request: 115.124713 seconds.
  path: Assets/Prefabs/LaserObject.prefab
  artifactKey: Guid(acbdc0aec4891184a840ed2d55f89986) Importer(815301076,1909f56bfc062723c751e8b465ee728b)
Start importing Assets/Prefabs/LaserObject.prefab using Guid(acbdc0aec4891184a840ed2d55f89986) Importer(815301076,1909f56bfc062723c751e8b465ee728b)  -> (artifact id: 'cb131728f17c8c88b2ee05e5a0cdd7d2') in 0.008852 seconds
  Import took 0.013603 seconds .

========================================================================
Received Import Request.
  Time since last request: 9.184642 seconds.
  path: Assets/Scenes/AAA Banor/Bana 3.unity
  artifactKey: Guid(6cc23de361c885941bf73ae8567aa995) Importer(815301076,1909f56bfc062723c751e8b465ee728b)
Start importing Assets/Scenes/AAA Banor/Bana 3.unity using Guid(6cc23de361c885941bf73ae8567aa995) Importer(815301076,1909f56bfc062723c751e8b465ee728b)  -> (artifact id: '98e5e40d769645898a2617fe2692d8a4') in 0.002245 seconds
  Import took 0.006442 seconds .

========================================================================
Received Prepare
Registering precompiled user dll's ...
Registered in 0.004238 seconds.
Begin MonoManager ReloadAssembly
Native extension for WindowsStandalone target not found
Refreshing native plugins compatible for Editor in 0.60 ms, found 2 plugins.
Preloading 0 native plugins for Editor in 0.00 ms.
Mono: successfully reloaded assembly
- Completed reload, in  0.780 seconds
Platform modules already initialized, skipping
Shader 'Universal Render Pipeline/Particles/Lit': fallback shader 'Universal Render Pipeline/Particles/SimpleLit' not found
Refreshing native plugins compatible for Editor in 0.61 ms, found 2 plugins.
Preloading 0 native plugins for Editor in 0.00 ms.
Unloading 2959 Unused Serialized files (Serialized files now loaded: 0)
System memory in use before: 148.2 MB.
System memory in use after: 148.4 MB.

Unloading 14 unused Assets to reduce memory usage. Loaded Objects now: 3776.
Total: 2.291600 ms (FindLiveObjects: 0.292600 ms CreateObjectMapping: 0.071200 ms MarkObjects: 1.913100 ms  DeleteObjects: 0.014000 ms)

========================================================================
Received Import Request.
  Time since last request: 205.367026 seconds.
  path: Assets/Scenes/Boss.unity
  artifactKey: Guid(d52823cf32600354e9b79a78e91517cb) Importer(815301076,1909f56bfc062723c751e8b465ee728b)
Start importing Assets/Scenes/Boss.unity using Guid(d52823cf32600354e9b79a78e91517cb) Importer(815301076,1909f56bfc062723c751e8b465ee728b)  -> (artifact id: '8956e6aa009a5e07f6ba15d7923f6cb3') in 0.030711 seconds
  Import took 0.035188 seconds .

========================================================================
Received Import Request.
  Time since last request: 11.620326 seconds.
  path: Assets/Shaders/Water.mat
  artifactKey: Guid(45ba6dbf0869dd1428fc36776cacc45a) Importer(815301076,1909f56bfc062723c751e8b465ee728b)
Start importing Assets/Shaders/Water.mat using Guid(45ba6dbf0869dd1428fc36776cacc45a) Importer(815301076,1909f56bfc062723c751e8b465ee728b)  -> (artifact id: '06fd36b5a07a9b4b02ad369deadc50b6') in 0.111885 seconds
  Import took 0.116430 seconds .

========================================================================
Received Prepare
Registering precompiled user dll's ...
Registered in 0.005271 seconds.
Begin MonoManager ReloadAssembly
Native extension for WindowsStandalone target not found
Refreshing native plugins compatible for Editor in 0.67 ms, found 2 plugins.
Preloading 0 native plugins for Editor in 0.00 ms.
Mono: successfully reloaded assembly
- Completed reload, in  0.781 seconds
Platform modules already initialized, skipping
Shader 'Universal Render Pipeline/Particles/Lit': fallback shader 'Universal Render Pipeline/Particles/SimpleLit' not found
Refreshing native plugins compatible for Editor in 0.60 ms, found 2 plugins.
Preloading 0 native plugins for Editor in 0.00 ms.
Unloading 2958 Unused Serialized files (Serialized files now loaded: 0)
System memory in use before: 148.1 MB.
System memory in use after: 148.3 MB.

Unloading 14 unused Assets to reduce memory usage. Loaded Objects now: 3815.
Total: 2.373600 ms (FindLiveObjects: 0.334000 ms CreateObjectMapping: 0.087800 ms MarkObjects: 1.937600 ms  DeleteObjects: 0.013500 ms)

========================================================================
Received Prepare
Registering precompiled user dll's ...
Registered in 0.004119 seconds.
Begin MonoManager ReloadAssembly
Native extension for WindowsStandalone target not found
Refreshing native plugins compatible for Editor in 0.60 ms, found 2 plugins.
Preloading 0 native plugins for Editor in 0.00 ms.
Mono: successfully reloaded assembly
- Completed reload, in  0.803 seconds
Platform modules already initialized, skipping
Shader 'Universal Render Pipeline/Particles/Lit': fallback shader 'Universal Render Pipeline/Particles/SimpleLit' not found
Refreshing native plugins compatible for Editor in 0.61 ms, found 2 plugins.
Preloading 0 native plugins for Editor in 0.00 ms.
Unloading 2958 Unused Serialized files (Serialized files now loaded: 0)
System memory in use before: 148.1 MB.
System memory in use after: 148.3 MB.

Unloading 14 unused Assets to reduce memory usage. Loaded Objects now: 3818.
Total: 2.295700 ms (FindLiveObjects: 0.303200 ms CreateObjectMapping: 0.084900 ms MarkObjects: 1.893800 ms  DeleteObjects: 0.013100 ms)

========================================================================
Received Import Request.
  Time since last request: 120.396048 seconds.
  path: Assets/Prefabs/Castle Port.prefab
  artifactKey: Guid(2acc29582491b1b44a52ce867e86c5a0) Importer(815301076,1909f56bfc062723c751e8b465ee728b)
Start importing Assets/Prefabs/Castle Port.prefab using Guid(2acc29582491b1b44a52ce867e86c5a0) Importer(815301076,1909f56bfc062723c751e8b465ee728b)  -> (artifact id: '55a990f94b72e0b46431ba42d8a9b65b') in 0.164039 seconds
  Import took 0.169120 seconds .

========================================================================
Received Import Request.
  Time since last request: 5.877655 seconds.
  path: Assets/Prefabs/Castle Port.prefab
  artifactKey: Guid(2acc29582491b1b44a52ce867e86c5a0) Importer(815301076,1909f56bfc062723c751e8b465ee728b)
Start importing Assets/Prefabs/Castle Port.prefab using Guid(2acc29582491b1b44a52ce867e86c5a0) Importer(815301076,1909f56bfc062723c751e8b465ee728b)  -> (artifact id: 'ea0ab690ba87395e789e36d496cd62a1') in 0.015967 seconds
  Import took 0.020578 seconds .

========================================================================
Received Import Request.
  Time since last request: 9.068402 seconds.
  path: Assets/Prefabs/Castle Port.prefab
  artifactKey: Guid(2acc29582491b1b44a52ce867e86c5a0) Importer(815301076,1909f56bfc062723c751e8b465ee728b)
Start importing Assets/Prefabs/Castle Port.prefab using Guid(2acc29582491b1b44a52ce867e86c5a0) Importer(815301076,1909f56bfc062723c751e8b465ee728b)  -> (artifact id: '2d0e341085c832ab93f68c3018bf5ed6') in 0.010220 seconds
  Import took 0.014658 seconds .

========================================================================
Received Import Request.
  Time since last request: 3.216679 seconds.
  path: Assets/Prefabs/Castle Port.prefab
  artifactKey: Guid(2acc29582491b1b44a52ce867e86c5a0) Importer(815301076,1909f56bfc062723c751e8b465ee728b)
Start importing Assets/Prefabs/Castle Port.prefab using Guid(2acc29582491b1b44a52ce867e86c5a0) Importer(815301076,1909f56bfc062723c751e8b465ee728b)  -> (artifact id: '4c1abadd9040bda77a64c64b5cb38419') in 0.012276 seconds
  Import took 0.016663 seconds .

========================================================================
Received Prepare
Registering precompiled user dll's ...
Registered in 0.004522 seconds.
Begin MonoManager ReloadAssembly
Native extension for WindowsStandalone target not found
Refreshing native plugins compatible for Editor in 0.60 ms, found 2 plugins.
Preloading 0 native plugins for Editor in 0.00 ms.
Mono: successfully reloaded assembly
- Completed reload, in  0.774 seconds
Platform modules already initialized, skipping
Shader 'Universal Render Pipeline/Particles/Lit': fallback shader 'Universal Render Pipeline/Particles/SimpleLit' not found
Refreshing native plugins compatible for Editor in 0.97 ms, found 2 plugins.
Preloading 0 native plugins for Editor in 0.00 ms.
Unloading 2958 Unused Serialized files (Serialized files now loaded: 0)
System memory in use before: 148.2 MB.
System memory in use after: 148.4 MB.

Unloading 14 unused Assets to reduce memory usage. Loaded Objects now: 3857.
Total: 2.898800 ms (FindLiveObjects: 0.304300 ms CreateObjectMapping: 0.140800 ms MarkObjects: 2.436200 ms  DeleteObjects: 0.016400 ms)

========================================================================
Received Import Request.
  Time since last request: 52.368649 seconds.
  path: Assets/Prefabs/Castle Port.prefab
  artifactKey: Guid(2acc29582491b1b44a52ce867e86c5a0) Importer(815301076,1909f56bfc062723c751e8b465ee728b)
Start importing Assets/Prefabs/Castle Port.prefab using Guid(2acc29582491b1b44a52ce867e86c5a0) Importer(815301076,1909f56bfc062723c751e8b465ee728b)  -> (artifact id: 'd7453fc934922667a02bd3359bd40fea') in 0.142680 seconds
  Import took 0.147531 seconds .

========================================================================
Received Import Request.
  Time since last request: 1.527547 seconds.
  path: Assets/Prefabs/Castle Port.prefab
  artifactKey: Guid(2acc29582491b1b44a52ce867e86c5a0) Importer(815301076,1909f56bfc062723c751e8b465ee728b)
Start importing Assets/Prefabs/Castle Port.prefab using Guid(2acc29582491b1b44a52ce867e86c5a0) Importer(815301076,1909f56bfc062723c751e8b465ee728b)  -> (artifact id: '863bb64116715bc69a69290d1afae3e0') in 0.017269 seconds
  Import took 0.021750 seconds .

========================================================================
Received Prepare
Registering precompiled user dll's ...
Registered in 0.004398 seconds.
Begin MonoManager ReloadAssembly
Native extension for WindowsStandalone target not found
Refreshing native plugins compatible for Editor in 0.60 ms, found 2 plugins.
Preloading 0 native plugins for Editor in 0.00 ms.
Mono: successfully reloaded assembly
- Completed reload, in  0.776 seconds
Platform modules already initialized, skipping
Shader 'Universal Render Pipeline/Particles/Lit': fallback shader 'Universal Render Pipeline/Particles/SimpleLit' not found
Refreshing native plugins compatible for Editor in 0.60 ms, found 2 plugins.
Preloading 0 native plugins for Editor in 0.00 ms.
Unloading 2958 Unused Serialized files (Serialized files now loaded: 0)
System memory in use before: 148.4 MB.
System memory in use after: 148.6 MB.

Unloading 14 unused Assets to reduce memory usage. Loaded Objects now: 3896.
Total: 2.763200 ms (FindLiveObjects: 0.342700 ms CreateObjectMapping: 0.084700 ms MarkObjects: 2.320000 ms  DeleteObjects: 0.015000 ms)

========================================================================
Received Import Request.
  Time since last request: 28.266981 seconds.
  path: Assets/Prefabs/Castle Port.prefab
  artifactKey: Guid(2acc29582491b1b44a52ce867e86c5a0) Importer(815301076,1909f56bfc062723c751e8b465ee728b)
Start importing Assets/Prefabs/Castle Port.prefab using Guid(2acc29582491b1b44a52ce867e86c5a0) Importer(815301076,1909f56bfc062723c751e8b465ee728b)  -> (artifact id: '43db6584f3fafe5896cc2cf5ae87e1ee') in 0.136667 seconds
  Import took 0.141437 seconds .

========================================================================
Received Import Request.
  Time since last request: 0.312511 seconds.
  path: Assets/Prefabs/Castle Port.prefab
  artifactKey: Guid(2acc29582491b1b44a52ce867e86c5a0) Importer(815301076,1909f56bfc062723c751e8b465ee728b)
Start importing Assets/Prefabs/Castle Port.prefab using Guid(2acc29582491b1b44a52ce867e86c5a0) Importer(815301076,1909f56bfc062723c751e8b465ee728b)  -> (artifact id: '775137c38dee0520394554537763e1b8') in 0.011397 seconds
  Import took 0.016022 seconds .

========================================================================
Received Import Request.
  Time since last request: 6.830418 seconds.
  path: Assets/Prefabs/Castle Port.prefab
  artifactKey: Guid(2acc29582491b1b44a52ce867e86c5a0) Importer(815301076,1909f56bfc062723c751e8b465ee728b)
Start importing Assets/Prefabs/Castle Port.prefab using Guid(2acc29582491b1b44a52ce867e86c5a0) Importer(815301076,1909f56bfc062723c751e8b465ee728b)  -> (artifact id: '5bdbb596cca12bc0f3d9e4e73716a36c') in 0.010923 seconds
  Import took 0.015736 seconds .

========================================================================
Received Import Request.
  Time since last request: 29.238208 seconds.
  path: Assets/Prefabs/Castle Port.prefab
  artifactKey: Guid(2acc29582491b1b44a52ce867e86c5a0) Importer(815301076,1909f56bfc062723c751e8b465ee728b)
Start importing Assets/Prefabs/Castle Port.prefab using Guid(2acc29582491b1b44a52ce867e86c5a0) Importer(815301076,1909f56bfc062723c751e8b465ee728b)  -> (artifact id: 'dc7d7bc5a9edefe1c8e75fc368d77ace') in 0.010710 seconds
  Import took 0.015179 seconds .

========================================================================
Received Prepare
Registering precompiled user dll's ...
Registered in 0.004130 seconds.
Begin MonoManager ReloadAssembly
Native extension for WindowsStandalone target not found
Refreshing native plugins compatible for Editor in 0.60 ms, found 2 plugins.
Preloading 0 native plugins for Editor in 0.00 ms.
Mono: successfully reloaded assembly
- Completed reload, in  0.792 seconds
Platform modules already initialized, skipping
Shader 'Universal Render Pipeline/Particles/Lit': fallback shader 'Universal Render Pipeline/Particles/SimpleLit' not found
Refreshing native plugins compatible for Editor in 0.59 ms, found 2 plugins.
Preloading 0 native plugins for Editor in 0.00 ms.
Unloading 2958 Unused Serialized files (Serialized files now loaded: 0)
System memory in use before: 148.5 MB.
System memory in use after: 148.7 MB.

Unloading 14 unused Assets to reduce memory usage. Loaded Objects now: 3935.
Total: 2.775300 ms (FindLiveObjects: 0.315900 ms CreateObjectMapping: 0.142300 ms MarkObjects: 2.300900 ms  DeleteObjects: 0.015500 ms)

========================================================================
Received Prepare
Registering precompiled user dll's ...
Registered in 0.005019 seconds.
Begin MonoManager ReloadAssembly
Native extension for WindowsStandalone target not found
Refreshing native plugins compatible for Editor in 0.61 ms, found 2 plugins.
Preloading 0 native plugins for Editor in 0.00 ms.
Mono: successfully reloaded assembly
- Completed reload, in  0.799 seconds
Platform modules already initialized, skipping
Shader 'Universal Render Pipeline/Particles/Lit': fallback shader 'Universal Render Pipeline/Particles/SimpleLit' not found
Refreshing native plugins compatible for Editor in 0.60 ms, found 2 plugins.
Preloading 0 native plugins for Editor in 0.00 ms.
Unloading 2958 Unused Serialized files (Serialized files now loaded: 0)
System memory in use before: 148.5 MB.
System memory in use after: 148.7 MB.

Unloading 14 unused Assets to reduce memory usage. Loaded Objects now: 3938.
Total: 2.711700 ms (FindLiveObjects: 0.316100 ms CreateObjectMapping: 0.086500 ms MarkObjects: 2.294400 ms  DeleteObjects: 0.014000 ms)

========================================================================
Received Prepare
Registering precompiled user dll's ...
Registered in 0.004443 seconds.
Begin MonoManager ReloadAssembly
Native extension for WindowsStandalone target not found
Refreshing native plugins compatible for Editor in 0.80 ms, found 2 plugins.
Preloading 0 native plugins for Editor in 0.00 ms.
Mono: successfully reloaded assembly
- Completed reload, in  0.775 seconds
Platform modules already initialized, skipping
Shader 'Universal Render Pipeline/Particles/Lit': fallback shader 'Universal Render Pipeline/Particles/SimpleLit' not found
Refreshing native plugins compatible for Editor in 0.61 ms, found 2 plugins.
Preloading 0 native plugins for Editor in 0.00 ms.
Unloading 2958 Unused Serialized files (Serialized files now loaded: 0)
System memory in use before: 148.5 MB.
System memory in use after: 148.7 MB.

Unloading 14 unused Assets to reduce memory usage. Loaded Objects now: 3941.
Total: 2.774500 ms (FindLiveObjects: 0.335600 ms CreateObjectMapping: 0.136400 ms MarkObjects: 2.287100 ms  DeleteObjects: 0.014700 ms)

========================================================================
Received Prepare
Registering precompiled user dll's ...
Registered in 0.004348 seconds.
Begin MonoManager ReloadAssembly
Native extension for WindowsStandalone target not found
Refreshing native plugins compatible for Editor in 0.60 ms, found 2 plugins.
Preloading 0 native plugins for Editor in 0.00 ms.
Mono: successfully reloaded assembly
- Completed reload, in  0.777 seconds
Platform modules already initialized, skipping
Shader 'Universal Render Pipeline/Particles/Lit': fallback shader 'Universal Render Pipeline/Particles/SimpleLit' not found
Refreshing native plugins compatible for Editor in 0.59 ms, found 2 plugins.
Preloading 0 native plugins for Editor in 0.00 ms.
Unloading 2958 Unused Serialized files (Serialized files now loaded: 0)
System memory in use before: 148.5 MB.
System memory in use after: 148.8 MB.

Unloading 14 unused Assets to reduce memory usage. Loaded Objects now: 3944.
Total: 2.719900 ms (FindLiveObjects: 0.346000 ms CreateObjectMapping: 0.086300 ms MarkObjects: 2.270700 ms  DeleteObjects: 0.016100 ms)

========================================================================
Received Prepare
Registering precompiled user dll's ...
Registered in 0.004450 seconds.
Begin MonoManager ReloadAssembly
Native extension for WindowsStandalone target not found
Refreshing native plugins compatible for Editor in 0.61 ms, found 2 plugins.
Preloading 0 native plugins for Editor in 0.00 ms.
Mono: successfully reloaded assembly
- Completed reload, in  0.799 seconds
Platform modules already initialized, skipping
Shader 'Universal Render Pipeline/Particles/Lit': fallback shader 'Universal Render Pipeline/Particles/SimpleLit' not found
Refreshing native plugins compatible for Editor in 0.60 ms, found 2 plugins.
Preloading 0 native plugins for Editor in 0.00 ms.
Unloading 2958 Unused Serialized files (Serialized files now loaded: 0)
System memory in use before: 148.5 MB.
System memory in use after: 148.8 MB.

Unloading 14 unused Assets to reduce memory usage. Loaded Objects now: 3947.
Total: 2.849900 ms (FindLiveObjects: 0.332700 ms CreateObjectMapping: 0.157400 ms MarkObjects: 2.344700 ms  DeleteObjects: 0.014500 ms)

========================================================================
Received Prepare
Registering precompiled user dll's ...
Registered in 0.004144 seconds.
Begin MonoManager ReloadAssembly
Native extension for WindowsStandalone target not found
Refreshing native plugins compatible for Editor in 0.60 ms, found 2 plugins.
Preloading 0 native plugins for Editor in 0.00 ms.
Mono: successfully reloaded assembly
- Completed reload, in  0.777 seconds
Platform modules already initialized, skipping
Shader 'Universal Render Pipeline/Particles/Lit': fallback shader 'Universal Render Pipeline/Particles/SimpleLit' not found
Refreshing native plugins compatible for Editor in 0.61 ms, found 2 plugins.
Preloading 0 native plugins for Editor in 0.00 ms.
Unloading 2958 Unused Serialized files (Serialized files now loaded: 0)
System memory in use before: 148.5 MB.
System memory in use after: 148.8 MB.

Unloading 14 unused Assets to reduce memory usage. Loaded Objects now: 3950.
Total: 2.979600 ms (FindLiveObjects: 0.374400 ms CreateObjectMapping: 0.160200 ms MarkObjects: 2.427400 ms  DeleteObjects: 0.016700 ms)

========================================================================
Received Prepare
Registering precompiled user dll's ...
Registered in 0.004198 seconds.
Begin MonoManager ReloadAssembly
Native extension for WindowsStandalone target not found
Refreshing native plugins compatible for Editor in 0.60 ms, found 2 plugins.
Preloading 0 native plugins for Editor in 0.00 ms.
Mono: successfully reloaded assembly
- Completed reload, in  0.779 seconds
Platform modules already initialized, skipping
Shader 'Universal Render Pipeline/Particles/Lit': fallback shader 'Universal Render Pipeline/Particles/SimpleLit' not found
Refreshing native plugins compatible for Editor in 0.59 ms, found 2 plugins.
Preloading 0 native plugins for Editor in 0.00 ms.
Unloading 2958 Unused Serialized files (Serialized files now loaded: 0)
System memory in use before: 148.5 MB.
System memory in use after: 148.8 MB.

Unloading 14 unused Assets to reduce memory usage. Loaded Objects now: 3953.
Total: 2.368300 ms (FindLiveObjects: 0.312400 ms CreateObjectMapping: 0.074600 ms MarkObjects: 1.966700 ms  DeleteObjects: 0.013900 ms)

========================================================================
Received Prepare
Registering precompiled user dll's ...
Registered in 0.004322 seconds.
Begin MonoManager ReloadAssembly
Native extension for WindowsStandalone target not found
Refreshing native plugins compatible for Editor in 0.62 ms, found 2 plugins.
Preloading 0 native plugins for Editor in 0.00 ms.
Mono: successfully reloaded assembly
- Completed reload, in  0.779 seconds
Platform modules already initialized, skipping
Shader 'Universal Render Pipeline/Particles/Lit': fallback shader 'Universal Render Pipeline/Particles/SimpleLit' not found
Refreshing native plugins compatible for Editor in 0.61 ms, found 2 plugins.
Preloading 0 native plugins for Editor in 0.00 ms.
Unloading 2958 Unused Serialized files (Serialized files now loaded: 0)
System memory in use before: 148.5 MB.
System memory in use after: 148.8 MB.

Unloading 14 unused Assets to reduce memory usage. Loaded Objects now: 3956.
Total: 2.785300 ms (FindLiveObjects: 0.315600 ms CreateObjectMapping: 0.139900 ms MarkObjects: 2.312400 ms  DeleteObjects: 0.016800 ms)

========================================================================
Received Import Request.
  Time since last request: 715.477363 seconds.
  path: Assets/Animations/Door/Door_Close.anim
  artifactKey: Guid(b95c73ff9d18b52498ac259fc8f383a6) Importer(815301076,1909f56bfc062723c751e8b465ee728b)
Start importing Assets/Animations/Door/Door_Close.anim using Guid(b95c73ff9d18b52498ac259fc8f383a6) Importer(815301076,1909f56bfc062723c751e8b465ee728b)  -> (artifact id: '0bb9dc759e75e538163fc660e99676a8') in 0.208883 seconds
  Import took 0.213522 seconds .

========================================================================
Received Prepare
Registering precompiled user dll's ...
Registered in 0.004253 seconds.
Begin MonoManager ReloadAssembly
Native extension for WindowsStandalone target not found
Refreshing native plugins compatible for Editor in 0.60 ms, found 2 plugins.
Preloading 0 native plugins for Editor in 0.00 ms.
Mono: successfully reloaded assembly
- Completed reload, in  0.827 seconds
Platform modules already initialized, skipping
Shader 'Universal Render Pipeline/Particles/Lit': fallback shader 'Universal Render Pipeline/Particles/SimpleLit' not found
Refreshing native plugins compatible for Editor in 0.60 ms, found 2 plugins.
Preloading 0 native plugins for Editor in 0.00 ms.
Unloading 2958 Unused Serialized files (Serialized files now loaded: 0)
System memory in use before: 148.5 MB.
System memory in use after: 148.8 MB.

Unloading 14 unused Assets to reduce memory usage. Loaded Objects now: 3959.
Total: 2.854600 ms (FindLiveObjects: 0.299100 ms CreateObjectMapping: 0.122100 ms MarkObjects: 2.416600 ms  DeleteObjects: 0.015900 ms)

========================================================================
Received Import Request.
  Time since last request: 143.875141 seconds.
  path: Assets/Animations/Door/Castle Port.controller
  artifactKey: Guid(0f1a9d0ff46dbf14580c65f9e6433945) Importer(815301076,1909f56bfc062723c751e8b465ee728b)
Start importing Assets/Animations/Door/Castle Port.controller using Guid(0f1a9d0ff46dbf14580c65f9e6433945) Importer(815301076,1909f56bfc062723c751e8b465ee728b)  -> (artifact id: '85894bf5cf9ad55fa210163921072417') in 0.035341 seconds
  Import took 0.040253 seconds .

========================================================================
Received Prepare
Registering precompiled user dll's ...
Registered in 0.004439 seconds.
Begin MonoManager ReloadAssembly
Native extension for WindowsStandalone target not found
Refreshing native plugins compatible for Editor in 0.60 ms, found 2 plugins.
Preloading 0 native plugins for Editor in 0.00 ms.
Mono: successfully reloaded assembly
- Completed reload, in  0.790 seconds
Platform modules already initialized, skipping
Shader 'Universal Render Pipeline/Particles/Lit': fallback shader 'Universal Render Pipeline/Particles/SimpleLit' not found
Refreshing native plugins compatible for Editor in 0.60 ms, found 2 plugins.
Preloading 0 native plugins for Editor in 0.00 ms.
Unloading 2958 Unused Serialized files (Serialized files now loaded: 0)
System memory in use before: 148.6 MB.
System memory in use after: 148.8 MB.

Unloading 14 unused Assets to reduce memory usage. Loaded Objects now: 3962.
Total: 3.080900 ms (FindLiveObjects: 0.366000 ms CreateObjectMapping: 0.156700 ms MarkObjects: 2.541200 ms  DeleteObjects: 0.016100 ms)

========================================================================
Received Import Request.
  Time since last request: 105.148558 seconds.
  path: Assets/3dModeller/Armature.controller
  artifactKey: Guid(3d64bc9450be2af4f8b6a1e8a538d479) Importer(815301076,1909f56bfc062723c751e8b465ee728b)
Start importing Assets/3dModeller/Armature.controller using Guid(3d64bc9450be2af4f8b6a1e8a538d479) Importer(815301076,1909f56bfc062723c751e8b465ee728b)  -> (artifact id: '5447ae7a5195c425ff2752c94f554409') in 0.044721 seconds
  Import took 0.049611 seconds .

========================================================================
Received Prepare
Registering precompiled user dll's ...
Registered in 0.004447 seconds.
Begin MonoManager ReloadAssembly
Native extension for WindowsStandalone target not found
Refreshing native plugins compatible for Editor in 0.64 ms, found 2 plugins.
Preloading 0 native plugins for Editor in 0.00 ms.
Mono: successfully reloaded assembly
- Completed reload, in  0.833 seconds
Platform modules already initialized, skipping
Shader 'Universal Render Pipeline/Particles/Lit': fallback shader 'Universal Render Pipeline/Particles/SimpleLit' not found
Refreshing native plugins compatible for Editor in 0.60 ms, found 2 plugins.
Preloading 0 native plugins for Editor in 0.00 ms.
Unloading 2958 Unused Serialized files (Serialized files now loaded: 0)
System memory in use before: 148.6 MB.
System memory in use after: 148.8 MB.

Unloading 14 unused Assets to reduce memory usage. Loaded Objects now: 3965.
Total: 2.495200 ms (FindLiveObjects: 0.322100 ms CreateObjectMapping: 0.088100 ms MarkObjects: 2.068500 ms  DeleteObjects: 0.015600 ms)

AssetImportWorkerClient::OnTransportError - code=2 error=End of file
